A
H S
C E
T R
T O O
P H W S
A H E A S
T T A   R E
C H   R   D D
H O E   M
I E R     A
T N   N     C
H U V   E     Y
H I R O   R
B E S N L
O E A   E U
A F C D   D N
B     A       T
O U     U       A
L F R     S       R
T I   S     E       I
H H G   T             L
R A A H                 Y
F I D T T
H R C
T I O O
A E S M C
S N M     H
W A D P     E
T I W   L     T
Q H T ,   E     E
S U A H     ,     D
W M I T
W I I C
W H T L K
G E I H E
A R   C
R   E   H
O A   E
A R I   T
R     N
A O     B
B   S     O
W L   E     W
P H I   ,
O A I N
S F R T D
B K   A E I
U E Y   L   N
F N I     L   G
T R L N     E   L
V H O O G     L   Y
D A E M A       O
W R N     D       G
M I E —     E       R
A I T S A     D       A
W C R H S               M
A H R R   E
A S I O O   R
A C   C S R
C   R   H S S
S I   O   ,
P C N   S
A A R E   S
F   S E M
C L   S E A
R L A   E N
O E E W   D ,
B F F A L
S O   L R E
A L U   E   S
S N I G   C   S
N W D D H   T   L
A O A   I S   I   Y
B R T Y   N     O
W U B   I   G     N
A I T O   N
H   T   R   G
V U   H   E
P A M       A
B R C A       L
T Y O I N       L
N H   D L         Y
O A E   U L         ,
T F T     C A
W H   U     E T
W H O   R     D I
C E O S   E       O
T A R   E           N
S H R E               ,
T K I R
B H Y S Y
T O E ,   I
G H U S     N
F L I G E     G
  A I S H
    Ç D   S
      A I   ,
        D N
          E G
            .